<?xml version="1.0" encoding="UTF-8"?>
<!-- Generated by org.testng.reporters.JUnitXMLReporter -->
<testsuite ignored="0" hostname="DESKTOP-CMOUKPJ" failures="0" tests="3" name="Default test" time="35.324" errors="0" timestamp="2023-07-26T12:22:07 IST">
  <testcase classname="testclass.TestClass" name="Login" time="1.157"/>
  <testcase classname="testclass.TestClass" name="Login" time="12.672"/>
  <testcase classname="testclass.TestClass" name="Login" time="0.969"/>
</testsuite> <!-- Default test -->
