<?xml version="1.0" encoding="UTF-8"?>
<testng-results ignored="0" total="3" passed="3" failed="0" skipped="0">
  <reporter-output>
  </reporter-output>
  <suite started-at="2023-07-26T12:21:32 IST" name="Default suite" finished-at="2023-07-26T12:22:07 IST" duration-ms="35324">
    <groups>
    </groups>
    <test started-at="2023-07-26T12:21:32 IST" name="Default test" finished-at="2023-07-26T12:22:07 IST" duration-ms="35324">
      <class name="testclass.TestClass">
        <test-method is-config="true" signature="setup1()[pri:0, instance:testclass.TestClass@38cee291]" started-at="2023-07-26T12:21:32 IST" name="setup1" finished-at="2023-07-26T12:21:49 IST" duration-ms="17520" status="PASS">
          <reporter-output>
          </reporter-output>
        </test-method> <!-- setup1 -->
        <test-method signature="Login(java.lang.String,java.lang.String)[pri:0, instance:testclass.TestClass@38cee291]" started-at="2023-07-26T12:21:51 IST" name="Login" data-provider="newdata" finished-at="2023-07-26T12:21:52 IST" duration-ms="1157" status="PASS">
          <params>
            <param index="0">
              <value>
                <![CDATA[problem_user]]>
              </value>
            </param>
            <param index="1">
              <value>
                <![CDATA[secret_sauce]]>
              </value>
            </param>
          </params>
          <reporter-output>
          </reporter-output>
        </test-method> <!-- Login -->
        <test-method signature="Login(java.lang.String,java.lang.String)[pri:0, instance:testclass.TestClass@38cee291]" started-at="2023-07-26T12:21:52 IST" name="Login" data-provider="newdata" finished-at="2023-07-26T12:22:05 IST" duration-ms="12672" status="PASS">
          <params>
            <param index="0">
              <value>
                <![CDATA[performance_glitch_user]]>
              </value>
            </param>
            <param index="1">
              <value>
                <![CDATA[secret_sauce]]>
              </value>
            </param>
          </params>
          <reporter-output>
          </reporter-output>
        </test-method> <!-- Login -->
        <test-method signature="Login(java.lang.String,java.lang.String)[pri:0, instance:testclass.TestClass@38cee291]" started-at="2023-07-26T12:22:05 IST" name="Login" data-provider="newdata" finished-at="2023-07-26T12:22:06 IST" duration-ms="969" status="PASS">
          <params>
            <param index="0">
              <value>
                <![CDATA[standard_user]]>
              </value>
            </param>
            <param index="1">
              <value>
                <![CDATA[secret_sauce]]>
              </value>
            </param>
          </params>
          <reporter-output>
          </reporter-output>
        </test-method> <!-- Login -->
        <test-method is-config="true" signature="teardown()[pri:0, instance:testclass.TestClass@38cee291]" started-at="2023-07-26T12:22:06 IST" name="teardown" finished-at="2023-07-26T12:22:07 IST" duration-ms="980" status="PASS">
          <reporter-output>
          </reporter-output>
        </test-method> <!-- teardown -->
      </class> <!-- testclass.TestClass -->
    </test> <!-- Default test -->
  </suite> <!-- Default suite -->
</testng-results>
